[30-Mar-2021 07:43:35 UTC] PHP Parse error:  syntax error, unexpected ''enqueue_assets'' (T_CONSTANT_ENCAPSED_STRING), expecting ')' in C:\Users\l.maslowski\Local Sites\gutenbergslider\app\public\wp-content\themes\twentytwentyone\functions.php on line 29
[30-Mar-2021 10:41:28 UTC] PHP Fatal error:  Uncaught Error: Call to undefined function he_sub_field() in C:\Users\l.maslowski\Local Sites\gutenbergslider\app\public\wp-content\themes\twentytwentyone\template-parts\blocks\slider\slider.php:39
Stack trace:
#0 C:\Users\l.maslowski\Local Sites\gutenbergslider\app\public\wp-content\plugins\advanced-custom-fields-pro\pro\blocks.php(364): include()
#1 C:\Users\l.maslowski\Local Sites\gutenbergslider\app\public\wp-content\plugins\advanced-custom-fields-pro\pro\blocks.php(303): acf_render_block(Array, '', false, 40)
#2 C:\Users\l.maslowski\Local Sites\gutenbergslider\app\public\wp-includes\class-wp-block.php(221): acf_rendered_block(Array, '', false)
#3 C:\Users\l.maslowski\Local Sites\gutenbergslider\app\public\wp-includes\blocks.php(799): WP_Block->render()
#4 C:\Users\l.maslowski\Local Sites\gutenbergslider\app\public\wp-includes\blocks.php(837): render_block(Array)
#5 C:\Users\l.maslowski\Local Sites\gutenbergslider\app\public\wp-includes\class-wp-hook.php(292): do_blocks('<!-- wp:acf/sli...')
#6 C:\Users\l in C:\Users\l.maslowski\Local Sites\gutenbergslider\app\public\wp-content\themes\twentytwentyone\template-parts\blocks\slider\slider.php on line 39
[30-Mar-2021 15:31:38 UTC] PHP Warning:  require(/Users/admin/Local Sites/gutenbergslickslider/app/public/wp-content/themes/StrapPress-master/classes/class-twenty-twenty-one-svg-icons.php): failed to open stream: No such file or directory in /Users/admin/Local Sites/gutenbergslickslider/app/public/wp-content/themes/StrapPress-master/functions.php on line 562
[30-Mar-2021 15:31:38 UTC] PHP Stack trace:
[30-Mar-2021 15:31:38 UTC] PHP   1. {main}() /Users/admin/Local Sites/gutenbergslickslider/app/public/wp-admin/admin-ajax.php:0
[30-Mar-2021 15:31:38 UTC] PHP   2. require_once() /Users/admin/Local Sites/gutenbergslickslider/app/public/wp-admin/admin-ajax.php:22
[30-Mar-2021 15:31:38 UTC] PHP   3. require_once() /Users/admin/Local Sites/gutenbergslickslider/app/public/wp-load.php:37
[30-Mar-2021 15:31:38 UTC] PHP   4. require_once() /Users/admin/Local Sites/gutenbergslickslider/app/public/wp-config.php:77
[30-Mar-2021 15:31:38 UTC] PHP   5. include() /Users/admin/Local Sites/gutenbergslickslider/app/public/wp-settings.php:528
[30-Mar-2021 15:31:38 UTC] PHP Fatal error:  require(): Failed opening required '/Users/admin/Local Sites/gutenbergslickslider/app/public/wp-content/themes/StrapPress-master/classes/class-twenty-twenty-one-svg-icons.php' (include_path='.:/usr/share/php:/www/wp-content/pear') in /Users/admin/Local Sites/gutenbergslickslider/app/public/wp-content/themes/StrapPress-master/functions.php on line 562
[30-Mar-2021 15:31:38 UTC] PHP Stack trace:
[30-Mar-2021 15:31:38 UTC] PHP   1. {main}() /Users/admin/Local Sites/gutenbergslickslider/app/public/wp-admin/admin-ajax.php:0
[30-Mar-2021 15:31:38 UTC] PHP   2. require_once() /Users/admin/Local Sites/gutenbergslickslider/app/public/wp-admin/admin-ajax.php:22
[30-Mar-2021 15:31:38 UTC] PHP   3. require_once() /Users/admin/Local Sites/gutenbergslickslider/app/public/wp-load.php:37
[30-Mar-2021 15:31:38 UTC] PHP   4. require_once() /Users/admin/Local Sites/gutenbergslickslider/app/public/wp-config.php:77
[30-Mar-2021 15:31:38 UTC] PHP   5. include() /Users/admin/Local Sites/gutenbergslickslider/app/public/wp-settings.php:528
[30-Mar-2021 15:31:45 UTC] PHP Warning:  require(/Users/admin/Local Sites/gutenbergslickslider/app/public/wp-content/themes/StrapPress-master/classes/class-twenty-twenty-one-svg-icons.php): failed to open stream: No such file or directory in /Users/admin/Local Sites/gutenbergslickslider/app/public/wp-content/themes/StrapPress-master/functions.php on line 562
[30-Mar-2021 15:31:45 UTC] PHP Stack trace:
[30-Mar-2021 15:31:45 UTC] PHP   1. {main}() /Users/admin/Local Sites/gutenbergslickslider/app/public/wp-admin/admin-ajax.php:0
[30-Mar-2021 15:31:45 UTC] PHP   2. require_once() /Users/admin/Local Sites/gutenbergslickslider/app/public/wp-admin/admin-ajax.php:22
[30-Mar-2021 15:31:45 UTC] PHP   3. require_once() /Users/admin/Local Sites/gutenbergslickslider/app/public/wp-load.php:37
[30-Mar-2021 15:31:45 UTC] PHP   4. require_once() /Users/admin/Local Sites/gutenbergslickslider/app/public/wp-config.php:77
[30-Mar-2021 15:31:45 UTC] PHP   5. include() /Users/admin/Local Sites/gutenbergslickslider/app/public/wp-settings.php:528
[30-Mar-2021 15:31:45 UTC] PHP Fatal error:  require(): Failed opening required '/Users/admin/Local Sites/gutenbergslickslider/app/public/wp-content/themes/StrapPress-master/classes/class-twenty-twenty-one-svg-icons.php' (include_path='.:/usr/share/php:/www/wp-content/pear') in /Users/admin/Local Sites/gutenbergslickslider/app/public/wp-content/themes/StrapPress-master/functions.php on line 562
[30-Mar-2021 15:31:45 UTC] PHP Stack trace:
[30-Mar-2021 15:31:45 UTC] PHP   1. {main}() /Users/admin/Local Sites/gutenbergslickslider/app/public/wp-admin/admin-ajax.php:0
[30-Mar-2021 15:31:45 UTC] PHP   2. require_once() /Users/admin/Local Sites/gutenbergslickslider/app/public/wp-admin/admin-ajax.php:22
[30-Mar-2021 15:31:45 UTC] PHP   3. require_once() /Users/admin/Local Sites/gutenbergslickslider/app/public/wp-load.php:37
[30-Mar-2021 15:31:45 UTC] PHP   4. require_once() /Users/admin/Local Sites/gutenbergslickslider/app/public/wp-config.php:77
[30-Mar-2021 15:31:45 UTC] PHP   5. include() /Users/admin/Local Sites/gutenbergslickslider/app/public/wp-settings.php:528
